<?xml version="1.0" encoding="UTF-8"?>
<testsuites name="TestSuiteLogin" time="63" tests="6" failures="0" errors="0">
   <testsuite name="TestSuiteLogin" tests="6" failures="0" errors="0" time="63" timestamp="2018-05-10 22:23:42" hostname="LNV - DESKTOP-OR7KM58.mshome.net" id="Test Suites/TestSuiteLogin">
      <properties>
         <property name="deviceName" value=""/>
         <property name="devicePlatform" value=""/>
         <property name="logFolder" value="C:\\Users\\LNV\\Katalon Studio\\234project-katalon\\Reports\\TestSuiteLogin\\20180510_222338"/>
         <property name="logFiles" value="C:\\Users\\LNV\\Katalon Studio\\234project-katalon\\Reports\\TestSuiteLogin\\20180510_222338\\execution0.log"/>
         <property name="attachments" value=""/>
         <property name="hostName" value="LNV - DESKTOP-OR7KM58.mshome.net"/>
         <property name="os" value="Windows 10 64bit"/>
         <property name="katalonVersion" value="5.4.1.1"/>
         <property name="browser" value="Chrome 66.0.3359.139"/>
         <property name="hostAddress" value="172.20.241.177"/>
         <property name="sessionId" value="451cf77ae9a136388a6bef584499ec76"/>
         <property name="seleniumVersion" value="3.7.1"/>
         <property name="proxyInformation" value="ProxyInformation{proxyOption=NO_PROXY, proxyServerType=HTTP, password=, proxyServerAddress=, proxyServerPort=0}"/>
         <property name="platform" value="Windows 10"/>
      </properties>
      <testcase name="Test Cases/TestCaseLoginAdmin" classname="Test Cases/TestCaseLoginAdmin" status="PASSED">
         <system-out><![CDATA[2018-05-10 22:23:43 - [TEST_CASE][PASSED] - Test Cases/TestCaseLoginAdmin: Test Cases/TestCaseLoginAdmin

2018-05-10 22:23:43 - [TEST_STEP][PASSED] - openBrowser: Browser is opened with url: ''

2018-05-10 22:23:48 - [MESSAGE][PASSED] - Browser is opened with url: ''

2018-05-10 22:23:48 - [TEST_STEP][PASSED] - navigateToUrl: Navigate to 'http://54.186.33.226:2222/' successfully

2018-05-10 22:23:53 - [MESSAGE][PASSED] - Navigate to 'http://54.186.33.226:2222/' successfully

2018-05-10 22:23:53 - [TEST_STEP][PASSED] - setText: Text 'admin' is set on object 'Object Repository/LoginAdmin/Page_ProjectBackend/input_username'

2018-05-10 22:23:53 - [MESSAGE][PASSED] - Text 'admin' is set on object 'Object Repository/LoginAdmin/Page_ProjectBackend/input_username'

2018-05-10 22:23:53 - [TEST_STEP][PASSED] - setText: Text 'admin' is set on object 'Object Repository/LoginAdmin/Page_ProjectBackend/input_password'

2018-05-10 22:23:54 - [MESSAGE][PASSED] - Text 'admin' is set on object 'Object Repository/LoginAdmin/Page_ProjectBackend/input_password'

2018-05-10 22:23:54 - [TEST_STEP][PASSED] - click: Object: 'Object Repository/LoginAdmin/Page_ProjectBackend/button_Login' is clicked on

2018-05-10 22:23:54 - [MESSAGE][PASSED] - Object: 'Object Repository/LoginAdmin/Page_ProjectBackend/button_Login' is clicked on

2018-05-10 22:23:54 - [TEST_STEP][PASSED] - click: Object: 'Object Repository/LoginAdmin/Page_ProjectBackend/a_Products' is clicked on

2018-05-10 22:23:55 - [MESSAGE][PASSED] - Object: 'Object Repository/LoginAdmin/Page_ProjectBackend/a_Products' is clicked on

2018-05-10 22:23:55 - [TEST_STEP][PASSED] - click: Object: 'Object Repository/LoginAdmin/Page_ProjectBackend/a_Total Transaction' is clicked on

2018-05-10 22:23:55 - [MESSAGE][PASSED] - Object: 'Object Repository/LoginAdmin/Page_ProjectBackend/a_Total Transaction' is clicked on

2018-05-10 22:23:55 - [TEST_STEP][PASSED] - click: Object: 'Object Repository/LoginAdmin/Page_ProjectBackend/button_Logout' is clicked on

2018-05-10 22:23:55 - [MESSAGE][PASSED] - Object: 'Object Repository/LoginAdmin/Page_ProjectBackend/button_Logout' is clicked on

2018-05-10 22:23:55 - [TEST_STEP][PASSED] - closeBrowser: Browser is closed

2018-05-10 22:23:56 - [MESSAGE][PASSED] - Browser is closed]]></system-out>
         <system-err><![CDATA[]]></system-err>
      </testcase>
      <testcase name="Test Cases/TestCaseIncorrectUserPass" classname="Test Cases/TestCaseIncorrectUserPass" status="PASSED">
         <system-out><![CDATA[2018-05-10 22:23:56 - [TEST_CASE][PASSED] - Test Cases/TestCaseIncorrectUserPass: Test Cases/TestCaseIncorrectUserPass

2018-05-10 22:23:57 - [TEST_STEP][PASSED] - openBrowser: Browser is opened with url: ''

2018-05-10 22:23:59 - [MESSAGE][PASSED] - Browser is opened with url: ''

2018-05-10 22:23:59 - [TEST_STEP][PASSED] - navigateToUrl: Navigate to 'http://54.186.33.226:2222/' successfully

2018-05-10 22:24:04 - [MESSAGE][PASSED] - Navigate to 'http://54.186.33.226:2222/' successfully

2018-05-10 22:24:04 - [TEST_STEP][PASSED] - setText: Text 'notUser' is set on object 'Object Repository/IncorrectUserPass/Page_ProjectBackend/input_username'

2018-05-10 22:24:04 - [MESSAGE][PASSED] - Text 'notUser' is set on object 'Object Repository/IncorrectUserPass/Page_ProjectBackend/input_username'

2018-05-10 22:24:04 - [TEST_STEP][PASSED] - setText: Text 'notPass' is set on object 'Object Repository/IncorrectUserPass/Page_ProjectBackend/input_password'

2018-05-10 22:24:05 - [MESSAGE][PASSED] - Text 'notPass' is set on object 'Object Repository/IncorrectUserPass/Page_ProjectBackend/input_password'

2018-05-10 22:24:05 - [TEST_STEP][PASSED] - click: Object: 'Object Repository/IncorrectUserPass/Page_ProjectBackend/button_Login' is clicked on

2018-05-10 22:24:05 - [MESSAGE][PASSED] - Object: 'Object Repository/IncorrectUserPass/Page_ProjectBackend/button_Login' is clicked on

2018-05-10 22:24:05 - [TEST_STEP][PASSED] - click: Object: 'Object Repository/IncorrectUserPass/Page_ProjectBackend/div_Usernamepassword is incorr' is clicked on

2018-05-10 22:24:06 - [MESSAGE][PASSED] - Object: 'Object Repository/IncorrectUserPass/Page_ProjectBackend/div_Usernamepassword is incorr' is clicked on

2018-05-10 22:24:06 - [TEST_STEP][PASSED] - closeBrowser: Browser is closed

2018-05-10 22:24:07 - [MESSAGE][PASSED] - Browser is closed]]></system-out>
         <system-err><![CDATA[]]></system-err>
      </testcase>
      <testcase name="Test Cases/TestCaseEmptyUser" classname="Test Cases/TestCaseEmptyUser" status="PASSED">
         <system-out><![CDATA[2018-05-10 22:24:07 - [TEST_CASE][PASSED] - Test Cases/TestCaseEmptyUser: Test Cases/TestCaseEmptyUser

2018-05-10 22:24:07 - [TEST_STEP][PASSED] - openBrowser: Browser is opened with url: ''

2018-05-10 22:24:09 - [MESSAGE][PASSED] - Browser is opened with url: ''

2018-05-10 22:24:09 - [TEST_STEP][PASSED] - navigateToUrl: Navigate to 'http://54.186.33.226:2222/' successfully

2018-05-10 22:24:15 - [MESSAGE][PASSED] - Navigate to 'http://54.186.33.226:2222/' successfully

2018-05-10 22:24:15 - [TEST_STEP][PASSED] - setText: Text 'user' is set on object 'Object Repository/UsernameEmpty/Page_ProjectBackend/input_password'

2018-05-10 22:24:15 - [MESSAGE][PASSED] - Text 'user' is set on object 'Object Repository/UsernameEmpty/Page_ProjectBackend/input_password'

2018-05-10 22:24:15 - [TEST_STEP][PASSED] - click: Object: 'Object Repository/UsernameEmpty/Page_ProjectBackend/button_Login' is clicked on

2018-05-10 22:24:15 - [MESSAGE][PASSED] - Object: 'Object Repository/UsernameEmpty/Page_ProjectBackend/button_Login' is clicked on

2018-05-10 22:24:15 - [TEST_STEP][PASSED] - click: Object: 'Object Repository/UsernameEmpty/Page_ProjectBackend/label_Username is required' is clicked on

2018-05-10 22:24:15 - [MESSAGE][PASSED] - Object: 'Object Repository/UsernameEmpty/Page_ProjectBackend/label_Username is required' is clicked on

2018-05-10 22:24:15 - [TEST_STEP][PASSED] - closeBrowser: Browser is closed

2018-05-10 22:24:16 - [MESSAGE][PASSED] - Browser is closed]]></system-out>
         <system-err><![CDATA[]]></system-err>
      </testcase>
      <testcase name="Test Cases/TestCaseEmptyPassw" classname="Test Cases/TestCaseEmptyPassw" status="PASSED">
         <system-out><![CDATA[2018-05-10 22:24:16 - [TEST_CASE][PASSED] - Test Cases/TestCaseEmptyPassw: Test Cases/TestCaseEmptyPassw

2018-05-10 22:24:16 - [TEST_STEP][PASSED] - openBrowser: Browser is opened with url: ''

2018-05-10 22:24:18 - [MESSAGE][PASSED] - Browser is opened with url: ''

2018-05-10 22:24:18 - [TEST_STEP][PASSED] - navigateToUrl: Navigate to 'http://54.186.33.226:2222/' successfully

2018-05-10 22:24:23 - [MESSAGE][PASSED] - Navigate to 'http://54.186.33.226:2222/' successfully

2018-05-10 22:24:23 - [TEST_STEP][PASSED] - setText: Text 'user' is set on object 'Object Repository/PasswordEmpty/Page_ProjectBackend/input_username'

2018-05-10 22:24:24 - [MESSAGE][PASSED] - Text 'user' is set on object 'Object Repository/PasswordEmpty/Page_ProjectBackend/input_username'

2018-05-10 22:24:24 - [TEST_STEP][PASSED] - click: Object: 'Object Repository/PasswordEmpty/Page_ProjectBackend/button_Login' is clicked on

2018-05-10 22:24:24 - [MESSAGE][PASSED] - Object: 'Object Repository/PasswordEmpty/Page_ProjectBackend/button_Login' is clicked on

2018-05-10 22:24:24 - [TEST_STEP][PASSED] - click: Object: 'Object Repository/PasswordEmpty/Page_ProjectBackend/label_Password is required' is clicked on

2018-05-10 22:24:24 - [MESSAGE][PASSED] - Object: 'Object Repository/PasswordEmpty/Page_ProjectBackend/label_Password is required' is clicked on

2018-05-10 22:24:24 - [TEST_STEP][PASSED] - closeBrowser: Browser is closed

2018-05-10 22:24:25 - [MESSAGE][PASSED] - Browser is closed]]></system-out>
         <system-err><![CDATA[]]></system-err>
      </testcase>
      <testcase name="Test Cases/TestCaseLoginUser" classname="Test Cases/TestCaseLoginUser" status="PASSED">
         <system-out><![CDATA[2018-05-10 22:24:25 - [TEST_CASE][PASSED] - Test Cases/TestCaseLoginUser: Test Cases/TestCaseLoginUser

2018-05-10 22:24:25 - [TEST_STEP][PASSED] - openBrowser: Browser is opened with url: ''

2018-05-10 22:24:28 - [MESSAGE][PASSED] - Browser is opened with url: ''

2018-05-10 22:24:28 - [TEST_STEP][PASSED] - navigateToUrl: Navigate to 'http://54.186.33.226:2222/' successfully

2018-05-10 22:24:33 - [MESSAGE][PASSED] - Navigate to 'http://54.186.33.226:2222/' successfully

2018-05-10 22:24:33 - [TEST_STEP][PASSED] - setText: Text 'user' is set on object 'Object Repository/LoginUser/Page_ProjectBackend/input_username'

2018-05-10 22:24:33 - [MESSAGE][PASSED] - Text 'user' is set on object 'Object Repository/LoginUser/Page_ProjectBackend/input_username'

2018-05-10 22:24:33 - [TEST_STEP][PASSED] - setText: Text 'user' is set on object 'Object Repository/LoginUser/Page_ProjectBackend/input_password'

2018-05-10 22:24:33 - [MESSAGE][PASSED] - Text 'user' is set on object 'Object Repository/LoginUser/Page_ProjectBackend/input_password'

2018-05-10 22:24:33 - [TEST_STEP][PASSED] - click: Object: 'Object Repository/LoginUser/Page_ProjectBackend/button_Login' is clicked on

2018-05-10 22:24:34 - [MESSAGE][PASSED] - Object: 'Object Repository/LoginUser/Page_ProjectBackend/button_Login' is clicked on

2018-05-10 22:24:34 - [TEST_STEP][PASSED] - click: Object: 'Object Repository/LoginUser/Page_ProjectBackend/a_Products' is clicked on

2018-05-10 22:24:35 - [MESSAGE][PASSED] - Object: 'Object Repository/LoginUser/Page_ProjectBackend/a_Products' is clicked on

2018-05-10 22:24:35 - [TEST_STEP][PASSED] - click: Object: 'Object Repository/LoginUser/Page_ProjectBackend/a_Carts' is clicked on

2018-05-10 22:24:35 - [MESSAGE][PASSED] - Object: 'Object Repository/LoginUser/Page_ProjectBackend/a_Carts' is clicked on

2018-05-10 22:24:35 - [TEST_STEP][PASSED] - click: Object: 'Object Repository/LoginUser/Page_ProjectBackend/button_Logout' is clicked on

2018-05-10 22:24:35 - [MESSAGE][PASSED] - Object: 'Object Repository/LoginUser/Page_ProjectBackend/button_Logout' is clicked on

2018-05-10 22:24:35 - [TEST_STEP][PASSED] - closeBrowser: Browser is closed

2018-05-10 22:24:36 - [MESSAGE][PASSED] - Browser is closed]]></system-out>
         <system-err><![CDATA[]]></system-err>
      </testcase>
      <testcase name="Test Cases/TestCaseLoginPage" classname="Test Cases/TestCaseLoginPage" status="PASSED">
         <system-out><![CDATA[2018-05-10 22:24:36 - [TEST_CASE][PASSED] - Test Cases/TestCaseLoginPage: Test Cases/TestCaseLoginPage

2018-05-10 22:24:36 - [TEST_STEP][PASSED] - openBrowser: Browser is opened with url: ''

2018-05-10 22:24:38 - [MESSAGE][PASSED] - Browser is opened with url: ''

2018-05-10 22:24:38 - [TEST_STEP][PASSED] - navigateToUrl: Navigate to 'http://54.186.33.226:2222/' successfully

2018-05-10 22:24:44 - [MESSAGE][PASSED] - Navigate to 'http://54.186.33.226:2222/' successfully

2018-05-10 22:24:44 - [TEST_STEP][PASSED] - click: Object: 'Object Repository/LoginPage/Page_ProjectBackend/h1_SE 234 Project' is clicked on

2018-05-10 22:24:45 - [MESSAGE][PASSED] - Object: 'Object Repository/LoginPage/Page_ProjectBackend/h1_SE 234 Project' is clicked on

2018-05-10 22:24:45 - [TEST_STEP][PASSED] - click: Object: 'Object Repository/LoginPage/Page_ProjectBackend/div_Login                  Use' is clicked on

2018-05-10 22:24:45 - [MESSAGE][PASSED] - Object: 'Object Repository/LoginPage/Page_ProjectBackend/div_Login                  Use' is clicked on

2018-05-10 22:24:45 - [TEST_STEP][PASSED] - closeBrowser: Browser is closed

2018-05-10 22:24:46 - [MESSAGE][PASSED] - Browser is closed]]></system-out>
         <system-err><![CDATA[]]></system-err>
      </testcase>
      <system-out><![CDATA[2018-05-10 22:23:42 - [TEST_SUITE][PASSED] - TestSuiteLogin: Test Cases/TestCaseLoginPage]]></system-out>
      <system-err><![CDATA[]]></system-err>
   </testsuite>
</testsuites>
