<?xml version="1.0" encoding="UTF-8"?>
<testsuites name="TestSuite2" time="49" tests="3" failures="0" errors="0">
   <testsuite name="TestSuite2" tests="3" failures="0" errors="0" time="49" timestamp="2018-05-10 18:21:54" hostname="LNV - DESKTOP-OR7KM58.mshome.net" id="Test Suites/TestSuite2">
      <properties>
         <property name="deviceName" value=""/>
         <property name="devicePlatform" value=""/>
         <property name="logFolder" value="C:\\Users\\LNV\\Katalon Studio\\234project-katalon\\Reports\\TestSuite2\\20180510_182149"/>
         <property name="logFiles" value="C:\\Users\\LNV\\Katalon Studio\\234project-katalon\\Reports\\TestSuite2\\20180510_182149\\execution0.log"/>
         <property name="attachments" value=""/>
         <property name="hostName" value="LNV - DESKTOP-OR7KM58.mshome.net"/>
         <property name="os" value="Windows 10 64bit"/>
         <property name="katalonVersion" value="5.4.1.1"/>
         <property name="browser" value="Chrome 66.0.3359.139"/>
         <property name="hostAddress" value="172.20.241.177"/>
         <property name="sessionId" value="9273a9615dc9663a14f5b7aa24336b84"/>
         <property name="seleniumVersion" value="3.7.1"/>
         <property name="proxyInformation" value="ProxyInformation{proxyOption=NO_PROXY, proxyServerType=HTTP, password=, proxyServerAddress=, proxyServerPort=0}"/>
         <property name="platform" value="Windows 10"/>
      </properties>
      <testcase name="Test Cases/TestCaseAddToChart" classname="Test Cases/TestCaseAddToChart" status="PASSED">
         <system-out><![CDATA[2018-05-10 18:21:54 - [TEST_CASE][PASSED] - Test Cases/TestCaseAddToChart: Test Cases/TestCaseAddToChart

2018-05-10 18:21:55 - [TEST_STEP][PASSED] - openBrowser: Browser is opened with url: ''

2018-05-10 18:22:00 - [MESSAGE][PASSED] - Browser is opened with url: ''

2018-05-10 18:22:00 - [TEST_STEP][PASSED] - navigateToUrl: Navigate to 'http://54.186.33.226:2222/' successfully

2018-05-10 18:22:08 - [MESSAGE][PASSED] - Navigate to 'http://54.186.33.226:2222/' successfully

2018-05-10 18:22:08 - [TEST_STEP][PASSED] - setText: Text 'user' is set on object 'Object Repository/Page_ProjectBackend/input_username'

2018-05-10 18:22:09 - [MESSAGE][PASSED] - Text 'user' is set on object 'Object Repository/Page_ProjectBackend/input_username'

2018-05-10 18:22:09 - [TEST_STEP][PASSED] - setText: Text 'user' is set on object 'Object Repository/Page_ProjectBackend/input_password'

2018-05-10 18:22:10 - [MESSAGE][PASSED] - Text 'user' is set on object 'Object Repository/Page_ProjectBackend/input_password'

2018-05-10 18:22:10 - [TEST_STEP][PASSED] - click: Object: 'Object Repository/Page_ProjectBackend/button_Login' is clicked on

2018-05-10 18:22:10 - [MESSAGE][PASSED] - Object: 'Object Repository/Page_ProjectBackend/button_Login' is clicked on

2018-05-10 18:22:10 - [TEST_STEP][PASSED] - click: Object: 'Object Repository/Page_ProjectBackend/button_add to cart' is clicked on

2018-05-10 18:22:12 - [MESSAGE][PASSED] - Object: 'Object Repository/Page_ProjectBackend/button_add to cart' is clicked on

2018-05-10 18:22:12 - [TEST_STEP][PASSED] - click: Object: 'Object Repository/Page_ProjectBackend/div_already added' is clicked on

2018-05-10 18:22:12 - [MESSAGE][PASSED] - Object: 'Object Repository/Page_ProjectBackend/div_already added' is clicked on

2018-05-10 18:22:12 - [TEST_STEP][PASSED] - click: Object: 'Object Repository/Page_ProjectBackend/button_add to cart' is clicked on

2018-05-10 18:22:12 - [MESSAGE][PASSED] - Object: 'Object Repository/Page_ProjectBackend/button_add to cart' is clicked on

2018-05-10 18:22:12 - [TEST_STEP][PASSED] - click: Object: 'Object Repository/Page_ProjectBackend/div_already added' is clicked on

2018-05-10 18:22:12 - [MESSAGE][PASSED] - Object: 'Object Repository/Page_ProjectBackend/div_already added' is clicked on

2018-05-10 18:22:12 - [TEST_STEP][PASSED] - click: Object: 'Object Repository/Page_ProjectBackend/a_Carts            2' is clicked on

2018-05-10 18:22:12 - [MESSAGE][PASSED] - Object: 'Object Repository/Page_ProjectBackend/a_Carts            2' is clicked on

2018-05-10 18:22:12 - [TEST_STEP][PASSED] - click: Object: 'Object Repository/Page_ProjectBackend/h2_Shopping Cart' is clicked on

2018-05-10 18:22:12 - [MESSAGE][PASSED] - Object: 'Object Repository/Page_ProjectBackend/h2_Shopping Cart' is clicked on

2018-05-10 18:22:12 - [TEST_STEP][PASSED] - click: Object: 'Object Repository/Page_ProjectBackend/th_Product Name' is clicked on

2018-05-10 18:22:12 - [MESSAGE][PASSED] - Object: 'Object Repository/Page_ProjectBackend/th_Product Name' is clicked on

2018-05-10 18:22:12 - [TEST_STEP][PASSED] - click: Object: 'Object Repository/Page_ProjectBackend/th_Price' is clicked on

2018-05-10 18:22:13 - [MESSAGE][PASSED] - Object: 'Object Repository/Page_ProjectBackend/th_Price' is clicked on

2018-05-10 18:22:13 - [TEST_STEP][PASSED] - click: Object: 'Object Repository/Page_ProjectBackend/th_amount' is clicked on

2018-05-10 18:22:13 - [MESSAGE][PASSED] - Object: 'Object Repository/Page_ProjectBackend/th_amount' is clicked on

2018-05-10 18:22:13 - [TEST_STEP][PASSED] - click: Object: 'Object Repository/Page_ProjectBackend/td_Garden' is clicked on

2018-05-10 18:22:13 - [MESSAGE][PASSED] - Object: 'Object Repository/Page_ProjectBackend/td_Garden' is clicked on

2018-05-10 18:22:13 - [TEST_STEP][PASSED] - click: Object: 'Object Repository/Page_ProjectBackend/td_20000 THB' is clicked on

2018-05-10 18:22:13 - [MESSAGE][PASSED] - Object: 'Object Repository/Page_ProjectBackend/td_20000 THB' is clicked on

2018-05-10 18:22:13 - [TEST_STEP][PASSED] - click: Object: 'Object Repository/Page_ProjectBackend/div_col-4 center-block' is clicked on

2018-05-10 18:22:13 - [MESSAGE][PASSED] - Object: 'Object Repository/Page_ProjectBackend/div_col-4 center-block' is clicked on

2018-05-10 18:22:13 - [TEST_STEP][PASSED] - click: Object: 'Object Repository/Page_ProjectBackend/td_Banana' is clicked on

2018-05-10 18:22:13 - [MESSAGE][PASSED] - Object: 'Object Repository/Page_ProjectBackend/td_Banana' is clicked on

2018-05-10 18:22:13 - [TEST_STEP][PASSED] - click: Object: 'Object Repository/Page_ProjectBackend/td_150 THB' is clicked on

2018-05-10 18:22:13 - [MESSAGE][PASSED] - Object: 'Object Repository/Page_ProjectBackend/td_150 THB' is clicked on

2018-05-10 18:22:13 - [TEST_STEP][PASSED] - click: Object: 'Object Repository/Page_ProjectBackend/td' is clicked on

2018-05-10 18:22:14 - [MESSAGE][PASSED] - Object: 'Object Repository/Page_ProjectBackend/td' is clicked on

2018-05-10 18:22:14 - [TEST_STEP][PASSED] - click: Object: 'Object Repository/Page_ProjectBackend/p_Total price  20150 THB' is clicked on

2018-05-10 18:22:14 - [MESSAGE][PASSED] - Object: 'Object Repository/Page_ProjectBackend/p_Total price  20150 THB' is clicked on

2018-05-10 18:22:14 - [TEST_STEP][PASSED] - closeBrowser: Browser is closed

2018-05-10 18:22:14 - [MESSAGE][PASSED] - Browser is closed]]></system-out>
         <system-err><![CDATA[]]></system-err>
      </testcase>
      <testcase name="Test Cases/TestCaseChartPage" classname="Test Cases/TestCaseChartPage" status="PASSED">
         <system-out><![CDATA[2018-05-10 18:22:15 - [TEST_CASE][PASSED] - Test Cases/TestCaseChartPage: Test Cases/TestCaseChartPage

2018-05-10 18:22:15 - [TEST_STEP][PASSED] - openBrowser: Browser is opened with url: ''

2018-05-10 18:22:17 - [MESSAGE][PASSED] - Browser is opened with url: ''

2018-05-10 18:22:17 - [TEST_STEP][PASSED] - navigateToUrl: Navigate to 'http://54.186.33.226:2222/' successfully

2018-05-10 18:22:24 - [MESSAGE][PASSED] - Navigate to 'http://54.186.33.226:2222/' successfully

2018-05-10 18:22:24 - [TEST_STEP][PASSED] - setText: Text 'user' is set on object 'Object Repository/ChartPage/Page_ProjectBackend/input_username'

2018-05-10 18:22:24 - [MESSAGE][PASSED] - Text 'user' is set on object 'Object Repository/ChartPage/Page_ProjectBackend/input_username'

2018-05-10 18:22:24 - [TEST_STEP][PASSED] - setText: Text 'user' is set on object 'Object Repository/ChartPage/Page_ProjectBackend/input_password'

2018-05-10 18:22:25 - [MESSAGE][PASSED] - Text 'user' is set on object 'Object Repository/ChartPage/Page_ProjectBackend/input_password'

2018-05-10 18:22:25 - [TEST_STEP][PASSED] - click: Object: 'Object Repository/ChartPage/Page_ProjectBackend/button_Login' is clicked on

2018-05-10 18:22:25 - [MESSAGE][PASSED] - Object: 'Object Repository/ChartPage/Page_ProjectBackend/button_Login' is clicked on

2018-05-10 18:22:25 - [TEST_STEP][PASSED] - click: Object: 'Object Repository/ChartPage/Page_ProjectBackend/button_add to cart' is clicked on

2018-05-10 18:22:26 - [MESSAGE][PASSED] - Object: 'Object Repository/ChartPage/Page_ProjectBackend/button_add to cart' is clicked on

2018-05-10 18:22:26 - [TEST_STEP][PASSED] - click: Object: 'Object Repository/ChartPage/Page_ProjectBackend/button_add to cart' is clicked on

2018-05-10 18:22:26 - [MESSAGE][PASSED] - Object: 'Object Repository/ChartPage/Page_ProjectBackend/button_add to cart' is clicked on

2018-05-10 18:22:26 - [TEST_STEP][PASSED] - click: Object: 'Object Repository/ChartPage/Page_ProjectBackend/a_Carts            2' is clicked on

2018-05-10 18:22:26 - [MESSAGE][PASSED] - Object: 'Object Repository/ChartPage/Page_ProjectBackend/a_Carts            2' is clicked on

2018-05-10 18:22:26 - [TEST_STEP][PASSED] - click: Object: 'Object Repository/ChartPage/Page_ProjectBackend/div_Shopping Cart' is clicked on

2018-05-10 18:22:26 - [MESSAGE][PASSED] - Object: 'Object Repository/ChartPage/Page_ProjectBackend/div_Shopping Cart' is clicked on

2018-05-10 18:22:26 - [TEST_STEP][PASSED] - click: Object: 'Object Repository/ChartPage/Page_ProjectBackend/p_Total price  20150 THB' is clicked on

2018-05-10 18:22:27 - [MESSAGE][PASSED] - Object: 'Object Repository/ChartPage/Page_ProjectBackend/p_Total price  20150 THB' is clicked on

2018-05-10 18:22:27 - [TEST_STEP][PASSED] - click: Object: 'Object Repository/ChartPage/Page_ProjectBackend/div_col-4 center-block' is clicked on

2018-05-10 18:22:27 - [MESSAGE][PASSED] - Object: 'Object Repository/ChartPage/Page_ProjectBackend/div_col-4 center-block' is clicked on

2018-05-10 18:22:27 - [TEST_STEP][PASSED] - setText: Text '4' is set on object 'Object Repository/ChartPage/Page_ProjectBackend/input_amount'

2018-05-10 18:22:27 - [MESSAGE][PASSED] - Text '4' is set on object 'Object Repository/ChartPage/Page_ProjectBackend/input_amount'

2018-05-10 18:22:27 - [TEST_STEP][PASSED] - click: Object: 'Object Repository/ChartPage/Page_ProjectBackend/p_Total price' is clicked on

2018-05-10 18:22:27 - [MESSAGE][PASSED] - Object: 'Object Repository/ChartPage/Page_ProjectBackend/p_Total price' is clicked on

2018-05-10 18:22:27 - [TEST_STEP][PASSED] - click: Object: 'Object Repository/ChartPage/Page_ProjectBackend/button_confirm' is clicked on

2018-05-10 18:22:27 - [MESSAGE][PASSED] - Object: 'Object Repository/ChartPage/Page_ProjectBackend/button_confirm' is clicked on

2018-05-10 18:22:27 - [TEST_STEP][PASSED] - acceptAlert: Alert accepted

2018-05-10 18:22:27 - [MESSAGE][PASSED] - Alert accepted

2018-05-10 18:22:27 - [TEST_STEP][PASSED] - click: Object: 'Object Repository/ChartPage/Page_ProjectBackend/div_Well done You successfully' is clicked on

2018-05-10 18:22:28 - [MESSAGE][PASSED] - Object: 'Object Repository/ChartPage/Page_ProjectBackend/div_Well done You successfully' is clicked on

2018-05-10 18:22:28 - [TEST_STEP][PASSED] - click: Object: 'Object Repository/ChartPage/Page_ProjectBackend/button_Logout' is clicked on

2018-05-10 18:22:28 - [MESSAGE][PASSED] - Object: 'Object Repository/ChartPage/Page_ProjectBackend/button_Logout' is clicked on

2018-05-10 18:22:28 - [TEST_STEP][PASSED] - setText: Text 'admin' is set on object 'Object Repository/ChartPage/Page_ProjectBackend/input_username'

2018-05-10 18:22:28 - [MESSAGE][PASSED] - Text 'admin' is set on object 'Object Repository/ChartPage/Page_ProjectBackend/input_username'

2018-05-10 18:22:28 - [TEST_STEP][PASSED] - setText: Text 'admin' is set on object 'Object Repository/ChartPage/Page_ProjectBackend/input_password'

2018-05-10 18:22:28 - [MESSAGE][PASSED] - Text 'admin' is set on object 'Object Repository/ChartPage/Page_ProjectBackend/input_password'

2018-05-10 18:22:28 - [TEST_STEP][PASSED] - click: Object: 'Object Repository/ChartPage/Page_ProjectBackend/button_Login' is clicked on

2018-05-10 18:22:28 - [MESSAGE][PASSED] - Object: 'Object Repository/ChartPage/Page_ProjectBackend/button_Login' is clicked on

2018-05-10 18:22:28 - [TEST_STEP][PASSED] - click: Object: 'Object Repository/ChartPage/Page_ProjectBackend/a_Total Transaction' is clicked on

2018-05-10 18:22:29 - [MESSAGE][PASSED] - Object: 'Object Repository/ChartPage/Page_ProjectBackend/a_Total Transaction' is clicked on

2018-05-10 18:22:29 - [TEST_STEP][PASSED] - click: Object: 'Object Repository/ChartPage/Page_ProjectBackend/td_15' is clicked on

2018-05-10 18:22:29 - [MESSAGE][PASSED] - Object: 'Object Repository/ChartPage/Page_ProjectBackend/td_15' is clicked on

2018-05-10 18:22:29 - [TEST_STEP][PASSED] - click: Object: 'Object Repository/ChartPage/Page_ProjectBackend/td_Garden Banana' is clicked on

2018-05-10 18:22:29 - [MESSAGE][PASSED] - Object: 'Object Repository/ChartPage/Page_ProjectBackend/td_Garden Banana' is clicked on

2018-05-10 18:22:29 - [TEST_STEP][PASSED] - click: Object: 'Object Repository/ChartPage/Page_ProjectBackend/td_60600 THB' is clicked on

2018-05-10 18:22:29 - [MESSAGE][PASSED] - Object: 'Object Repository/ChartPage/Page_ProjectBackend/td_60600 THB' is clicked on

2018-05-10 18:22:29 - [TEST_STEP][PASSED] - click: Object: 'Object Repository/ChartPage/Page_ProjectBackend/p_Total priceTrans' is clicked on

2018-05-10 18:22:29 - [MESSAGE][PASSED] - Object: 'Object Repository/ChartPage/Page_ProjectBackend/p_Total priceTrans' is clicked on

2018-05-10 18:22:29 - [TEST_STEP][PASSED] - click: Object: 'Object Repository/ChartPage/Page_ProjectBackend/button_Logout' is clicked on

2018-05-10 18:22:30 - [MESSAGE][PASSED] - Object: 'Object Repository/ChartPage/Page_ProjectBackend/button_Logout' is clicked on

2018-05-10 18:22:30 - [TEST_STEP][PASSED] - closeBrowser: Browser is closed

2018-05-10 18:22:30 - [MESSAGE][PASSED] - Browser is closed]]></system-out>
         <system-err><![CDATA[]]></system-err>
      </testcase>
      <testcase name="Test Cases/TestCaseProductShown" classname="Test Cases/TestCaseProductShown" status="PASSED">
         <system-out><![CDATA[2018-05-10 18:22:31 - [TEST_CASE][PASSED] - Test Cases/TestCaseProductShown: Test Cases/TestCaseProductShown

2018-05-10 18:22:31 - [TEST_STEP][PASSED] - openBrowser: Browser is opened with url: ''

2018-05-10 18:22:33 - [MESSAGE][PASSED] - Browser is opened with url: ''

2018-05-10 18:22:33 - [TEST_STEP][PASSED] - navigateToUrl: Navigate to 'http://54.186.33.226:2222/' successfully

2018-05-10 18:22:40 - [MESSAGE][PASSED] - Navigate to 'http://54.186.33.226:2222/' successfully

2018-05-10 18:22:40 - [TEST_STEP][PASSED] - setText: Text 'user' is set on object 'Object Repository/ShowProdPage/Page_ProjectBackend/input_username'

2018-05-10 18:22:40 - [MESSAGE][PASSED] - Text 'user' is set on object 'Object Repository/ShowProdPage/Page_ProjectBackend/input_username'

2018-05-10 18:22:40 - [TEST_STEP][PASSED] - setText: Text 'user' is set on object 'Object Repository/ShowProdPage/Page_ProjectBackend/input_password'

2018-05-10 18:22:40 - [MESSAGE][PASSED] - Text 'user' is set on object 'Object Repository/ShowProdPage/Page_ProjectBackend/input_password'

2018-05-10 18:22:40 - [TEST_STEP][PASSED] - click: Object: 'Object Repository/ShowProdPage/Page_ProjectBackend/button_Login' is clicked on

2018-05-10 18:22:41 - [MESSAGE][PASSED] - Object: 'Object Repository/ShowProdPage/Page_ProjectBackend/button_Login' is clicked on

2018-05-10 18:22:41 - [TEST_STEP][PASSED] - click: Object: 'Object Repository/ShowProdPage/Page_ProjectBackend/div_Products' is clicked on

2018-05-10 18:22:42 - [MESSAGE][PASSED] - Object: 'Object Repository/ShowProdPage/Page_ProjectBackend/div_Products' is clicked on

2018-05-10 18:22:42 - [TEST_STEP][PASSED] - click: Object: 'Object Repository/ShowProdPage/Page_ProjectBackend/button_Logout' is clicked on

2018-05-10 18:22:42 - [MESSAGE][PASSED] - Object: 'Object Repository/ShowProdPage/Page_ProjectBackend/button_Logout' is clicked on

2018-05-10 18:22:42 - [TEST_STEP][PASSED] - closeBrowser: Browser is closed

2018-05-10 18:22:43 - [MESSAGE][PASSED] - Browser is closed]]></system-out>
         <system-err><![CDATA[]]></system-err>
      </testcase>
      <system-out><![CDATA[2018-05-10 18:21:54 - [TEST_SUITE][PASSED] - TestSuite2: Test Cases/TestCaseProductShown]]></system-out>
      <system-err><![CDATA[]]></system-err>
   </testsuite>
</testsuites>
