<?xml version="1.0" encoding="UTF-8"?>
<testsuites name="TestSuiteLogin" time="14" tests="1" failures="0" errors="0">
   <testsuite name="TestSuiteLogin" tests="1" failures="0" errors="0" time="14" timestamp="2018-05-10 16:46:27" hostname="LNV - DESKTOP-OR7KM58.mshome.net" id="Test Suites/TestSuiteLogin">
      <properties>
         <property name="deviceName" value=""/>
         <property name="devicePlatform" value=""/>
         <property name="logFolder" value="C:\\Users\\LNV\\Katalon Studio\\234project-katalon\\Reports\\TestSuiteLogin\\20180510_164625"/>
         <property name="logFiles" value="C:\\Users\\LNV\\Katalon Studio\\234project-katalon\\Reports\\TestSuiteLogin\\20180510_164625\\execution0.log"/>
         <property name="attachments" value=""/>
         <property name="hostName" value="LNV - DESKTOP-OR7KM58.mshome.net"/>
         <property name="os" value="Windows 10 64bit"/>
         <property name="katalonVersion" value="5.4.1.1"/>
         <property name="browser" value="Chrome 66.0.3359.139"/>
         <property name="hostAddress" value="172.20.241.177"/>
         <property name="sessionId" value="d36f6637a020b25128be623a53dd383e"/>
         <property name="seleniumVersion" value="3.7.1"/>
         <property name="proxyInformation" value="ProxyInformation{proxyOption=NO_PROXY, proxyServerType=HTTP, password=, proxyServerAddress=, proxyServerPort=0}"/>
         <property name="platform" value="Windows 10"/>
      </properties>
      <testcase name="Test Cases/TestCaseLoginUser" classname="Test Cases/TestCaseLoginUser" status="PASSED">
         <system-out><![CDATA[2018-05-10 16:46:28 - [TEST_CASE][PASSED] - Test Cases/TestCaseLoginUser: Test Cases/TestCaseLoginUser

2018-05-10 16:46:28 - [TEST_STEP][PASSED] - openBrowser: Browser is opened with url: ''

2018-05-10 16:46:32 - [MESSAGE][PASSED] - Browser is opened with url: ''

2018-05-10 16:46:32 - [TEST_STEP][PASSED] - navigateToUrl: Navigate to 'http://54.186.33.226:2222/' successfully

2018-05-10 16:46:39 - [MESSAGE][PASSED] - Navigate to 'http://54.186.33.226:2222/' successfully

2018-05-10 16:46:39 - [TEST_STEP][PASSED] - setText: Text 'user' is set on object 'Object Repository/LoginUser/Page_ProjectBackend/input_username'

2018-05-10 16:46:39 - [MESSAGE][PASSED] - Text 'user' is set on object 'Object Repository/LoginUser/Page_ProjectBackend/input_username'

2018-05-10 16:46:39 - [TEST_STEP][PASSED] - setText: Text 'user' is set on object 'Object Repository/LoginUser/Page_ProjectBackend/input_password'

2018-05-10 16:46:39 - [MESSAGE][PASSED] - Text 'user' is set on object 'Object Repository/LoginUser/Page_ProjectBackend/input_password'

2018-05-10 16:46:39 - [TEST_STEP][PASSED] - click: Object: 'Object Repository/LoginUser/Page_ProjectBackend/button_Login' is clicked on

2018-05-10 16:46:40 - [MESSAGE][PASSED] - Object: 'Object Repository/LoginUser/Page_ProjectBackend/button_Login' is clicked on

2018-05-10 16:46:40 - [TEST_STEP][PASSED] - click: Object: 'Object Repository/LoginUser/Page_ProjectBackend/a_Products' is clicked on

2018-05-10 16:46:41 - [MESSAGE][PASSED] - Object: 'Object Repository/LoginUser/Page_ProjectBackend/a_Products' is clicked on

2018-05-10 16:46:41 - [TEST_STEP][PASSED] - click: Object: 'Object Repository/LoginUser/Page_ProjectBackend/a_Carts' is clicked on

2018-05-10 16:46:41 - [MESSAGE][PASSED] - Object: 'Object Repository/LoginUser/Page_ProjectBackend/a_Carts' is clicked on

2018-05-10 16:46:41 - [TEST_STEP][PASSED] - click: Object: 'Object Repository/LoginUser/Page_ProjectBackend/button_Logout' is clicked on

2018-05-10 16:46:41 - [MESSAGE][PASSED] - Object: 'Object Repository/LoginUser/Page_ProjectBackend/button_Logout' is clicked on

2018-05-10 16:46:41 - [TEST_STEP][PASSED] - closeBrowser: Browser is closed

2018-05-10 16:46:42 - [MESSAGE][PASSED] - Browser is closed]]></system-out>
         <system-err><![CDATA[]]></system-err>
      </testcase>
      <system-out><![CDATA[2018-05-10 16:46:27 - [TEST_SUITE][PASSED] - TestSuiteLogin: Test Cases/TestCaseLoginUser]]></system-out>
      <system-err><![CDATA[]]></system-err>
   </testsuite>
</testsuites>
