<?xml version="1.0" encoding="UTF-8"?>
<testsuites name="TestSuiteLogin" time="2" tests="0" failures="1" errors="0">
   <testsuite name="TestSuiteLogin" tests="0" failures="1" errors="0" time="2" timestamp="2018-05-10 15:27:10" hostname="LNV - DESKTOP-OR7KM58.mshome.net" id="Test Suites/TestSuiteLogin">
      <properties>
         <property name="deviceName" value=""/>
         <property name="devicePlatform" value=""/>
         <property name="logFolder" value="C:\\Users\\LNV\\Katalon Studio\\234project-katalon\\Reports\\TestSuiteLogin\\20180510_152705"/>
         <property name="logFiles" value="C:\\Users\\LNV\\Katalon Studio\\234project-katalon\\Reports\\TestSuiteLogin\\20180510_152705\\execution0.log"/>
         <property name="attachments" value=""/>
         <property name="hostName" value="LNV - DESKTOP-OR7KM58.mshome.net"/>
         <property name="hostAddress" value="172.20.241.177"/>
         <property name="os" value="Windows 10 64bit"/>
         <property name="katalonVersion" value="5.4.1.1"/>
      </properties>
      <testcase name="Test Cases/TestCaseLoginUser" classname="Test Cases/TestCaseLoginUser" status="FAILED">
         <failure type="FAILED" message="Unable to open browser with url: '' (Root cause: org.openqa.selenium.WebDriverException: Cannot find firefox binary in PATH. Make sure firefox is installed. OS appears to be: WIN10
Build info: version: '3.7.1', revision: '8a0099a', time: '2017-11-06T21:07:36.161Z'
System info: host: 'DESKTOP-OR7KM58', ip: '172.20.241.177', os.name: 'Windows 10', os.arch: 'amd64', os.version: '10.0', java.version: '1.8.0_102'
Driver info: driver.version: unknown)"/>
         <system-out><![CDATA[2018-05-10 15:27:11 - [TEST_CASE][FAILED] - Test Cases/TestCaseLoginUser: Test Cases/TestCaseLoginUser FAILED because (of) Unable to open browser with url: '' (Root cause: org.openqa.selenium.WebDriverException: Cannot find firefox binary in PATH. Make sure firefox is installed. OS appears to be: WIN10
Build info: version: '3.7.1', revision: '8a0099a', time: '2017-11-06T21:07:36.161Z'
System info: host: 'DESKTOP-OR7KM58', ip: '172.20.241.177', os.name: 'Windows 10', os.arch: 'amd64', os.version: '10.0', java.version: '1.8.0_102'
Driver info: driver.version: unknown)

2018-05-10 15:27:11 - [TEST_STEP][FAILED] - openBrowser: Unable to open browser with url: '' (Root cause: org.openqa.selenium.WebDriverException: Cannot find firefox binary in PATH. Make sure firefox is installed. OS appears to be: WIN10
Build info: version: '3.7.1', revision: '8a0099a', time: '2017-11-06T21:07:36.161Z'
System info: host: 'DESKTOP-OR7KM58', ip: '172.20.241.177', os.name: 'Windows 10', os.arch: 'amd64', os.version: '10.0', java.version: '1.8.0_102'
Driver info: driver.version: unknown)

2018-05-10 15:27:12 - [MESSAGE][FAILED] - Unable to open browser with url: '' (Root cause: org.openqa.selenium.WebDriverException: Cannot find firefox binary in PATH. Make sure firefox is installed. OS appears to be: WIN10
Build info: version: '3.7.1', revision: '8a0099a', time: '2017-11-06T21:07:36.161Z'
System info: host: 'DESKTOP-OR7KM58', ip: '172.20.241.177', os.name: 'Windows 10', os.arch: 'amd64', os.version: '10.0', java.version: '1.8.0_102'
Driver info: driver.version: unknown)]]></system-out>
         <system-err><![CDATA[2018-05-10 15:27:11 - [TEST_CASE][FAILED] - Test Cases/TestCaseLoginUser: Test Cases/TestCaseLoginUser FAILED because (of) Unable to open browser with url: '' (Root cause: org.openqa.selenium.WebDriverException: Cannot find firefox binary in PATH. Make sure firefox is installed. OS appears to be: WIN10
Build info: version: '3.7.1', revision: '8a0099a', time: '2017-11-06T21:07:36.161Z'
System info: host: 'DESKTOP-OR7KM58', ip: '172.20.241.177', os.name: 'Windows 10', os.arch: 'amd64', os.version: '10.0', java.version: '1.8.0_102'
Driver info: driver.version: unknown)]]></system-err>
      </testcase>
      <system-out><![CDATA[2018-05-10 15:27:10 - [TEST_SUITE][FAILED] - TestSuiteLogin: Test Cases/TestCaseLoginUser FAILED because (of) Unable to open browser with url: '' (Root cause: org.openqa.selenium.WebDriverException: Cannot find firefox binary in PATH. Make sure firefox is installed. OS appears to be: WIN10
Build info: version: '3.7.1', revision: '8a0099a', time: '2017-11-06T21:07:36.161Z'
System info: host: 'DESKTOP-OR7KM58', ip: '172.20.241.177', os.name: 'Windows 10', os.arch: 'amd64', os.version: '10.0', java.version: '1.8.0_102'
Driver info: driver.version: unknown)]]></system-out>
      <system-err><![CDATA[2018-05-10 15:27:10 - [TEST_SUITE][FAILED] - TestSuiteLogin: Test Cases/TestCaseLoginUser FAILED because (of) Unable to open browser with url: '' (Root cause: org.openqa.selenium.WebDriverException: Cannot find firefox binary in PATH. Make sure firefox is installed. OS appears to be: WIN10
Build info: version: '3.7.1', revision: '8a0099a', time: '2017-11-06T21:07:36.161Z'
System info: host: 'DESKTOP-OR7KM58', ip: '172.20.241.177', os.name: 'Windows 10', os.arch: 'amd64', os.version: '10.0', java.version: '1.8.0_102'
Driver info: driver.version: unknown)]]></system-err>
   </testsuite>
</testsuites>
