<?xml version="1.0" encoding="UTF-8"?>
<testsuites name="TestSuite2" time="77" tests="2" failures="1" errors="0">
   <testsuite name="TestSuite2" tests="2" failures="1" errors="0" time="77" timestamp="2018-05-10 17:00:03" hostname="LNV - DESKTOP-OR7KM58.mshome.net" id="Test Suites/TestSuite2">
      <properties>
         <property name="deviceName" value=""/>
         <property name="devicePlatform" value=""/>
         <property name="logFolder" value="C:\\Users\\LNV\\Katalon Studio\\234project-katalon\\Reports\\TestSuite2\\20180510_170000"/>
         <property name="logFiles" value="C:\\Users\\LNV\\Katalon Studio\\234project-katalon\\Reports\\TestSuite2\\20180510_170000\\execution0.log"/>
         <property name="attachments" value="C:\\Users\\LNV\\Katalon Studio\\234project-katalon\\Reports\\TestSuite2\\20180510_170000\\1525946465219.png"/>
         <property name="hostName" value="LNV - DESKTOP-OR7KM58.mshome.net"/>
         <property name="os" value="Windows 10 64bit"/>
         <property name="katalonVersion" value="5.4.1.1"/>
         <property name="browser" value="Chrome 66.0.3359.139"/>
         <property name="hostAddress" value="172.20.241.177"/>
         <property name="sessionId" value="8a76f29d708ac2a23967e676423b6774"/>
         <property name="seleniumVersion" value="3.7.1"/>
         <property name="proxyInformation" value="ProxyInformation{proxyOption=NO_PROXY, proxyServerType=HTTP, password=, proxyServerAddress=, proxyServerPort=0}"/>
         <property name="platform" value="Windows 10"/>
      </properties>
      <testcase name="Test Cases/TestCaseAddToChart" classname="Test Cases/TestCaseAddToChart" status="PASSED">
         <system-out><![CDATA[2018-05-10 17:00:03 - [TEST_CASE][PASSED] - Test Cases/TestCaseAddToChart: Test Cases/TestCaseAddToChart

2018-05-10 17:00:04 - [TEST_STEP][PASSED] - openBrowser: Browser is opened with url: ''

2018-05-10 17:00:08 - [MESSAGE][PASSED] - Browser is opened with url: ''

2018-05-10 17:00:08 - [TEST_STEP][PASSED] - navigateToUrl: Navigate to 'http://54.186.33.226:2222/' successfully

2018-05-10 17:00:16 - [MESSAGE][PASSED] - Navigate to 'http://54.186.33.226:2222/' successfully

2018-05-10 17:00:16 - [TEST_STEP][PASSED] - setText: Text 'user' is set on object 'Object Repository/Page_ProjectBackend/input_username'

2018-05-10 17:00:17 - [MESSAGE][PASSED] - Text 'user' is set on object 'Object Repository/Page_ProjectBackend/input_username'

2018-05-10 17:00:17 - [TEST_STEP][PASSED] - setText: Text 'user' is set on object 'Object Repository/Page_ProjectBackend/input_password'

2018-05-10 17:00:17 - [MESSAGE][PASSED] - Text 'user' is set on object 'Object Repository/Page_ProjectBackend/input_password'

2018-05-10 17:00:17 - [TEST_STEP][PASSED] - click: Object: 'Object Repository/Page_ProjectBackend/button_Login' is clicked on

2018-05-10 17:00:17 - [MESSAGE][PASSED] - Object: 'Object Repository/Page_ProjectBackend/button_Login' is clicked on

2018-05-10 17:00:17 - [TEST_STEP][PASSED] - click: Object: 'Object Repository/Page_ProjectBackend/button_add to cart' is clicked on

2018-05-10 17:00:19 - [MESSAGE][PASSED] - Object: 'Object Repository/Page_ProjectBackend/button_add to cart' is clicked on

2018-05-10 17:00:19 - [TEST_STEP][PASSED] - click: Object: 'Object Repository/Page_ProjectBackend/div_already added' is clicked on

2018-05-10 17:00:19 - [MESSAGE][PASSED] - Object: 'Object Repository/Page_ProjectBackend/div_already added' is clicked on

2018-05-10 17:00:19 - [TEST_STEP][PASSED] - click: Object: 'Object Repository/Page_ProjectBackend/button_add to cart' is clicked on

2018-05-10 17:00:19 - [MESSAGE][PASSED] - Object: 'Object Repository/Page_ProjectBackend/button_add to cart' is clicked on

2018-05-10 17:00:19 - [TEST_STEP][PASSED] - click: Object: 'Object Repository/Page_ProjectBackend/div_already added' is clicked on

2018-05-10 17:00:19 - [MESSAGE][PASSED] - Object: 'Object Repository/Page_ProjectBackend/div_already added' is clicked on

2018-05-10 17:00:19 - [TEST_STEP][PASSED] - click: Object: 'Object Repository/Page_ProjectBackend/a_Carts            2' is clicked on

2018-05-10 17:00:19 - [MESSAGE][PASSED] - Object: 'Object Repository/Page_ProjectBackend/a_Carts            2' is clicked on

2018-05-10 17:00:19 - [TEST_STEP][PASSED] - click: Object: 'Object Repository/Page_ProjectBackend/h2_Shopping Cart' is clicked on

2018-05-10 17:00:19 - [MESSAGE][PASSED] - Object: 'Object Repository/Page_ProjectBackend/h2_Shopping Cart' is clicked on

2018-05-10 17:00:19 - [TEST_STEP][PASSED] - click: Object: 'Object Repository/Page_ProjectBackend/th_Product Name' is clicked on

2018-05-10 17:00:19 - [MESSAGE][PASSED] - Object: 'Object Repository/Page_ProjectBackend/th_Product Name' is clicked on

2018-05-10 17:00:19 - [TEST_STEP][PASSED] - click: Object: 'Object Repository/Page_ProjectBackend/th_Price' is clicked on

2018-05-10 17:00:19 - [MESSAGE][PASSED] - Object: 'Object Repository/Page_ProjectBackend/th_Price' is clicked on

2018-05-10 17:00:19 - [TEST_STEP][PASSED] - click: Object: 'Object Repository/Page_ProjectBackend/th_amount' is clicked on

2018-05-10 17:00:20 - [MESSAGE][PASSED] - Object: 'Object Repository/Page_ProjectBackend/th_amount' is clicked on

2018-05-10 17:00:20 - [TEST_STEP][PASSED] - click: Object: 'Object Repository/Page_ProjectBackend/td_Garden' is clicked on

2018-05-10 17:00:20 - [MESSAGE][PASSED] - Object: 'Object Repository/Page_ProjectBackend/td_Garden' is clicked on

2018-05-10 17:00:20 - [TEST_STEP][PASSED] - click: Object: 'Object Repository/Page_ProjectBackend/td_20000 THB' is clicked on

2018-05-10 17:00:20 - [MESSAGE][PASSED] - Object: 'Object Repository/Page_ProjectBackend/td_20000 THB' is clicked on

2018-05-10 17:00:20 - [TEST_STEP][PASSED] - click: Object: 'Object Repository/Page_ProjectBackend/div_col-4 center-block' is clicked on

2018-05-10 17:00:20 - [MESSAGE][PASSED] - Object: 'Object Repository/Page_ProjectBackend/div_col-4 center-block' is clicked on

2018-05-10 17:00:20 - [TEST_STEP][PASSED] - click: Object: 'Object Repository/Page_ProjectBackend/td_Banana' is clicked on

2018-05-10 17:00:20 - [MESSAGE][PASSED] - Object: 'Object Repository/Page_ProjectBackend/td_Banana' is clicked on

2018-05-10 17:00:20 - [TEST_STEP][PASSED] - click: Object: 'Object Repository/Page_ProjectBackend/td_150 THB' is clicked on

2018-05-10 17:00:20 - [MESSAGE][PASSED] - Object: 'Object Repository/Page_ProjectBackend/td_150 THB' is clicked on

2018-05-10 17:00:20 - [TEST_STEP][PASSED] - click: Object: 'Object Repository/Page_ProjectBackend/td' is clicked on

2018-05-10 17:00:20 - [MESSAGE][PASSED] - Object: 'Object Repository/Page_ProjectBackend/td' is clicked on

2018-05-10 17:00:20 - [TEST_STEP][PASSED] - click: Object: 'Object Repository/Page_ProjectBackend/p_Total price  20150 THB' is clicked on

2018-05-10 17:00:20 - [MESSAGE][PASSED] - Object: 'Object Repository/Page_ProjectBackend/p_Total price  20150 THB' is clicked on

2018-05-10 17:00:20 - [TEST_STEP][PASSED] - closeBrowser: Browser is closed

2018-05-10 17:00:21 - [MESSAGE][PASSED] - Browser is closed]]></system-out>
         <system-err><![CDATA[]]></system-err>
      </testcase>
      <testcase name="Test Cases/TestCaseChartPage" classname="Test Cases/TestCaseChartPage" status="FAILED">
         <failure type="FAILED" message="Unable to click on object 'Object Repository/ChartPage/Page_ProjectBackend/p_Total price  40450 THB' (Root cause: com.kms.katalon.core.webui.exception.WebElementNotFoundException: Web element with id: 'Object Repository/ChartPage/Page_ProjectBackend/p_Total price  40450 THB' located by 'By.xpath: id(&quot;add-row&quot;)/div[@class=&quot;col-12 col-md-9 col-xl-8 py-md-3 pl-md-5 bd-content&quot;]/div[@class=&quot;row&quot;]/div[@class=&quot;offset-8 col-4&quot;]/p[1][count(. | //p[(text() = 'Total price:  40,450 THB' or . = 'Total price:  40,450 THB')]) = count(//p[(text() = 'Total price:  40,450 THB' or . = 'Total price:  40,450 THB')])]' not found)"/>
         <system-out><![CDATA[2018-05-10 17:00:21 - [TEST_CASE][FAILED] - Test Cases/TestCaseChartPage: Test Cases/TestCaseChartPage FAILED because (of) Unable to click on object 'Object Repository/ChartPage/Page_ProjectBackend/p_Total price  40450 THB' (Root cause: com.kms.katalon.core.webui.exception.WebElementNotFoundException: Web element with id: 'Object Repository/ChartPage/Page_ProjectBackend/p_Total price  40450 THB' located by 'By.xpath: id("add-row")/div[@class="col-12 col-md-9 col-xl-8 py-md-3 pl-md-5 bd-content"]/div[@class="row"]/div[@class="offset-8 col-4"]/p[1][count(. | //p[(text() = 'Total price:  40,450 THB' or . = 'Total price:  40,450 THB')]) = count(//p[(text() = 'Total price:  40,450 THB' or . = 'Total price:  40,450 THB')])]' not found)

2018-05-10 17:00:22 - [TEST_STEP][PASSED] - openBrowser: Browser is opened with url: ''

2018-05-10 17:00:25 - [MESSAGE][PASSED] - Browser is opened with url: ''

2018-05-10 17:00:25 - [TEST_STEP][PASSED] - navigateToUrl: Navigate to 'http://54.186.33.226:2222/' successfully

2018-05-10 17:00:31 - [MESSAGE][PASSED] - Navigate to 'http://54.186.33.226:2222/' successfully

2018-05-10 17:00:31 - [TEST_STEP][PASSED] - setText: Text 'user' is set on object 'Object Repository/ChartPage/Page_ProjectBackend/input_username'

2018-05-10 17:00:32 - [MESSAGE][PASSED] - Text 'user' is set on object 'Object Repository/ChartPage/Page_ProjectBackend/input_username'

2018-05-10 17:00:32 - [TEST_STEP][PASSED] - setText: Text 'user' is set on object 'Object Repository/ChartPage/Page_ProjectBackend/input_password'

2018-05-10 17:00:32 - [MESSAGE][PASSED] - Text 'user' is set on object 'Object Repository/ChartPage/Page_ProjectBackend/input_password'

2018-05-10 17:00:32 - [TEST_STEP][PASSED] - click: Object: 'Object Repository/ChartPage/Page_ProjectBackend/button_Login' is clicked on

2018-05-10 17:00:32 - [MESSAGE][PASSED] - Object: 'Object Repository/ChartPage/Page_ProjectBackend/button_Login' is clicked on

2018-05-10 17:00:32 - [TEST_STEP][PASSED] - click: Object: 'Object Repository/ChartPage/Page_ProjectBackend/button_add to cart' is clicked on

2018-05-10 17:00:33 - [MESSAGE][PASSED] - Object: 'Object Repository/ChartPage/Page_ProjectBackend/button_add to cart' is clicked on

2018-05-10 17:00:33 - [TEST_STEP][PASSED] - click: Object: 'Object Repository/ChartPage/Page_ProjectBackend/button_add to cart' is clicked on

2018-05-10 17:00:33 - [MESSAGE][PASSED] - Object: 'Object Repository/ChartPage/Page_ProjectBackend/button_add to cart' is clicked on

2018-05-10 17:00:33 - [TEST_STEP][PASSED] - click: Object: 'Object Repository/ChartPage/Page_ProjectBackend/a_Carts            2' is clicked on

2018-05-10 17:00:33 - [MESSAGE][PASSED] - Object: 'Object Repository/ChartPage/Page_ProjectBackend/a_Carts            2' is clicked on

2018-05-10 17:00:33 - [TEST_STEP][PASSED] - click: Object: 'Object Repository/ChartPage/Page_ProjectBackend/p_Total price  20150 THB' is clicked on

2018-05-10 17:00:34 - [MESSAGE][PASSED] - Object: 'Object Repository/ChartPage/Page_ProjectBackend/p_Total price  20150 THB' is clicked on

2018-05-10 17:00:34 - [TEST_STEP][PASSED] - click: Object: 'Object Repository/ChartPage/Page_ProjectBackend/td' is clicked on

2018-05-10 17:00:34 - [MESSAGE][PASSED] - Object: 'Object Repository/ChartPage/Page_ProjectBackend/td' is clicked on

2018-05-10 17:00:34 - [TEST_STEP][PASSED] - setText: Text '3' is set on object 'Object Repository/ChartPage/Page_ProjectBackend/input_amount'

2018-05-10 17:00:34 - [MESSAGE][PASSED] - Text '3' is set on object 'Object Repository/ChartPage/Page_ProjectBackend/input_amount'

2018-05-10 17:00:34 - [TEST_STEP][FAILED] - click: Unable to click on object 'Object Repository/ChartPage/Page_ProjectBackend/p_Total price  40450 THB' (Root cause: com.kms.katalon.core.webui.exception.WebElementNotFoundException: Web element with id: 'Object Repository/ChartPage/Page_ProjectBackend/p_Total price  40450 THB' located by 'By.xpath: id("add-row")/div[@class="col-12 col-md-9 col-xl-8 py-md-3 pl-md-5 bd-content"]/div[@class="row"]/div[@class="offset-8 col-4"]/p[1][count(. | //p[(text() = 'Total price:  40,450 THB' or . = 'Total price:  40,450 THB')]) = count(//p[(text() = 'Total price:  40,450 THB' or . = 'Total price:  40,450 THB')])]' not found)

2018-05-10 17:01:05 - [MESSAGE][FAILED] - Unable to click on object 'Object Repository/ChartPage/Page_ProjectBackend/p_Total price  40450 THB' (Root cause: com.kms.katalon.core.webui.exception.WebElementNotFoundException: Web element with id: 'Object Repository/ChartPage/Page_ProjectBackend/p_Total price  40450 THB' located by 'By.xpath: id("add-row")/div[@class="col-12 col-md-9 col-xl-8 py-md-3 pl-md-5 bd-content"]/div[@class="row"]/div[@class="offset-8 col-4"]/p[1][count(. | //p[(text() = 'Total price:  40,450 THB' or . = 'Total price:  40,450 THB')]) = count(//p[(text() = 'Total price:  40,450 THB' or . = 'Total price:  40,450 THB')])]' not found)
[[ATTACHMENT|C:\\Users\\LNV\\Katalon Studio\\234project-katalon\\Reports\\TestSuite2\\20180510_170000\\1525946465219.png]]]]></system-out>
         <system-err><![CDATA[2018-05-10 17:00:21 - [TEST_CASE][FAILED] - Test Cases/TestCaseChartPage: Test Cases/TestCaseChartPage FAILED because (of) Unable to click on object 'Object Repository/ChartPage/Page_ProjectBackend/p_Total price  40450 THB' (Root cause: com.kms.katalon.core.webui.exception.WebElementNotFoundException: Web element with id: 'Object Repository/ChartPage/Page_ProjectBackend/p_Total price  40450 THB' located by 'By.xpath: id("add-row")/div[@class="col-12 col-md-9 col-xl-8 py-md-3 pl-md-5 bd-content"]/div[@class="row"]/div[@class="offset-8 col-4"]/p[1][count(. | //p[(text() = 'Total price:  40,450 THB' or . = 'Total price:  40,450 THB')]) = count(//p[(text() = 'Total price:  40,450 THB' or . = 'Total price:  40,450 THB')])]' not found)]]></system-err>
      </testcase>
      <testcase name="Test Cases/TestCaseProductShown" classname="Test Cases/TestCaseProductShown" status="PASSED">
         <system-out><![CDATA[2018-05-10 17:01:05 - [TEST_CASE][PASSED] - Test Cases/TestCaseProductShown: Test Cases/TestCaseProductShown

2018-05-10 17:01:05 - [TEST_STEP][PASSED] - openBrowser: Browser is opened with url: ''

2018-05-10 17:01:05 - [MESSAGE][WARNING] - A browser is already opened. Closing browser and opening a new one

2018-05-10 17:01:09 - [MESSAGE][PASSED] - Browser is opened with url: ''

2018-05-10 17:01:09 - [TEST_STEP][PASSED] - navigateToUrl: Navigate to 'http://54.186.33.226:2222/' successfully

2018-05-10 17:01:17 - [MESSAGE][PASSED] - Navigate to 'http://54.186.33.226:2222/' successfully

2018-05-10 17:01:17 - [TEST_STEP][PASSED] - setText: Text 'user' is set on object 'Object Repository/ShowProdPage/Page_ProjectBackend/input_username'

2018-05-10 17:01:18 - [MESSAGE][PASSED] - Text 'user' is set on object 'Object Repository/ShowProdPage/Page_ProjectBackend/input_username'

2018-05-10 17:01:18 - [TEST_STEP][PASSED] - setText: Text 'user' is set on object 'Object Repository/ShowProdPage/Page_ProjectBackend/input_password'

2018-05-10 17:01:18 - [MESSAGE][PASSED] - Text 'user' is set on object 'Object Repository/ShowProdPage/Page_ProjectBackend/input_password'

2018-05-10 17:01:18 - [TEST_STEP][PASSED] - click: Object: 'Object Repository/ShowProdPage/Page_ProjectBackend/button_Login' is clicked on

2018-05-10 17:01:18 - [MESSAGE][PASSED] - Object: 'Object Repository/ShowProdPage/Page_ProjectBackend/button_Login' is clicked on

2018-05-10 17:01:18 - [TEST_STEP][PASSED] - click: Object: 'Object Repository/ShowProdPage/Page_ProjectBackend/div_Products' is clicked on

2018-05-10 17:01:19 - [MESSAGE][PASSED] - Object: 'Object Repository/ShowProdPage/Page_ProjectBackend/div_Products' is clicked on

2018-05-10 17:01:19 - [TEST_STEP][PASSED] - click: Object: 'Object Repository/ShowProdPage/Page_ProjectBackend/button_Logout' is clicked on

2018-05-10 17:01:19 - [MESSAGE][PASSED] - Object: 'Object Repository/ShowProdPage/Page_ProjectBackend/button_Logout' is clicked on

2018-05-10 17:01:19 - [TEST_STEP][PASSED] - closeBrowser: Browser is closed

2018-05-10 17:01:20 - [MESSAGE][PASSED] - Browser is closed]]></system-out>
         <system-err><![CDATA[]]></system-err>
      </testcase>
      <system-out><![CDATA[2018-05-10 17:00:03 - [TEST_SUITE][FAILED] - TestSuite2: Test Cases/TestCaseChartPage FAILED because (of) Unable to click on object 'Object Repository/ChartPage/Page_ProjectBackend/p_Total price  40450 THB' (Root cause: com.kms.katalon.core.webui.exception.WebElementNotFoundException: Web element with id: 'Object Repository/ChartPage/Page_ProjectBackend/p_Total price  40450 THB' located by 'By.xpath: id("add-row")/div[@class="col-12 col-md-9 col-xl-8 py-md-3 pl-md-5 bd-content"]/div[@class="row"]/div[@class="offset-8 col-4"]/p[1][count(. | //p[(text() = 'Total price:  40,450 THB' or . = 'Total price:  40,450 THB')]) = count(//p[(text() = 'Total price:  40,450 THB' or . = 'Total price:  40,450 THB')])]' not found)]]></system-out>
      <system-err><![CDATA[2018-05-10 17:00:03 - [TEST_SUITE][FAILED] - TestSuite2: Test Cases/TestCaseChartPage FAILED because (of) Unable to click on object 'Object Repository/ChartPage/Page_ProjectBackend/p_Total price  40450 THB' (Root cause: com.kms.katalon.core.webui.exception.WebElementNotFoundException: Web element with id: 'Object Repository/ChartPage/Page_ProjectBackend/p_Total price  40450 THB' located by 'By.xpath: id("add-row")/div[@class="col-12 col-md-9 col-xl-8 py-md-3 pl-md-5 bd-content"]/div[@class="row"]/div[@class="offset-8 col-4"]/p[1][count(. | //p[(text() = 'Total price:  40,450 THB' or . = 'Total price:  40,450 THB')]) = count(//p[(text() = 'Total price:  40,450 THB' or . = 'Total price:  40,450 THB')])]' not found)]]></system-err>
   </testsuite>
</testsuites>
