<?xml version="1.0" encoding="UTF-8"?>
<testsuites name="TestSuiteLogin" time="80" tests="5" failures="0" errors="0">
   <testsuite name="TestSuiteLogin" tests="5" failures="0" errors="0" time="80" timestamp="2018-05-10 02:51:44" hostname="LNV - DESKTOP-OR7KM58.mshome.net" id="Test Suites/TestSuiteLogin">
      <properties>
         <property name="deviceName" value=""/>
         <property name="devicePlatform" value=""/>
         <property name="logFolder" value="C:\\Users\\LNV\\Katalon Studio\\234project-katalon\\Reports\\TestSuiteLogin\\20180510_025141"/>
         <property name="logFiles" value="C:\\Users\\LNV\\Katalon Studio\\234project-katalon\\Reports\\TestSuiteLogin\\20180510_025141\\execution0.log"/>
         <property name="attachments" value=""/>
         <property name="hostName" value="LNV - DESKTOP-OR7KM58.mshome.net"/>
         <property name="os" value="Windows 10 64bit"/>
         <property name="katalonVersion" value="5.4.1.1"/>
         <property name="browser" value="Chrome 66.0.3359.139"/>
         <property name="hostAddress" value="172.20.241.177"/>
         <property name="sessionId" value="cf484add57a52e9d450f7178fc120440"/>
         <property name="seleniumVersion" value="3.7.1"/>
         <property name="proxyInformation" value="ProxyInformation{proxyOption=NO_PROXY, proxyServerType=HTTP, password=, proxyServerAddress=, proxyServerPort=0}"/>
         <property name="platform" value="Windows 10"/>
      </properties>
      <testcase name="Test Cases/TestCaseLoginUser" classname="Test Cases/TestCaseLoginUser" status="PASSED">
         <system-out><![CDATA[2018-05-10 02:51:44 - [TEST_CASE][PASSED] - Test Cases/TestCaseLoginUser: Test Cases/TestCaseLoginUser

2018-05-10 02:51:45 - [TEST_STEP][PASSED] - openBrowser: Browser is opened with url: ''

2018-05-10 02:51:50 - [MESSAGE][PASSED] - Browser is opened with url: ''

2018-05-10 02:51:50 - [TEST_STEP][PASSED] - navigateToUrl: Navigate to 'http://54.186.33.226:2222/' successfully

2018-05-10 02:52:04 - [MESSAGE][PASSED] - Navigate to 'http://54.186.33.226:2222/' successfully

2018-05-10 02:52:04 - [TEST_STEP][PASSED] - setText: Text 'user' is set on object 'Object Repository/LoginUser/Page_ProjectBackend/input_username'

2018-05-10 02:52:04 - [MESSAGE][PASSED] - Text 'user' is set on object 'Object Repository/LoginUser/Page_ProjectBackend/input_username'

2018-05-10 02:52:04 - [TEST_STEP][PASSED] - setText: Text 'user' is set on object 'Object Repository/LoginUser/Page_ProjectBackend/input_password'

2018-05-10 02:52:04 - [MESSAGE][PASSED] - Text 'user' is set on object 'Object Repository/LoginUser/Page_ProjectBackend/input_password'

2018-05-10 02:52:04 - [TEST_STEP][PASSED] - click: Object: 'Object Repository/LoginUser/Page_ProjectBackend/button_Login' is clicked on

2018-05-10 02:52:04 - [MESSAGE][PASSED] - Object: 'Object Repository/LoginUser/Page_ProjectBackend/button_Login' is clicked on

2018-05-10 02:52:04 - [TEST_STEP][PASSED] - click: Object: 'Object Repository/LoginUser/Page_ProjectBackend/a_Products' is clicked on

2018-05-10 02:52:06 - [MESSAGE][PASSED] - Object: 'Object Repository/LoginUser/Page_ProjectBackend/a_Products' is clicked on

2018-05-10 02:52:06 - [TEST_STEP][PASSED] - click: Object: 'Object Repository/LoginUser/Page_ProjectBackend/a_Carts' is clicked on

2018-05-10 02:52:06 - [MESSAGE][PASSED] - Object: 'Object Repository/LoginUser/Page_ProjectBackend/a_Carts' is clicked on

2018-05-10 02:52:06 - [TEST_STEP][PASSED] - click: Object: 'Object Repository/LoginUser/Page_ProjectBackend/button_Logout' is clicked on

2018-05-10 02:52:06 - [MESSAGE][PASSED] - Object: 'Object Repository/LoginUser/Page_ProjectBackend/button_Logout' is clicked on

2018-05-10 02:52:06 - [TEST_STEP][PASSED] - closeBrowser: Browser is closed

2018-05-10 02:52:07 - [MESSAGE][PASSED] - Browser is closed]]></system-out>
         <system-err><![CDATA[]]></system-err>
      </testcase>
      <testcase name="Test Cases/TestCaseLoginAdmin" classname="Test Cases/TestCaseLoginAdmin" status="PASSED">
         <system-out><![CDATA[2018-05-10 02:52:07 - [TEST_CASE][PASSED] - Test Cases/TestCaseLoginAdmin: Test Cases/TestCaseLoginAdmin

2018-05-10 02:52:08 - [TEST_STEP][PASSED] - openBrowser: Browser is opened with url: ''

2018-05-10 02:52:10 - [MESSAGE][PASSED] - Browser is opened with url: ''

2018-05-10 02:52:10 - [TEST_STEP][PASSED] - navigateToUrl: Navigate to 'http://54.186.33.226:2222/' successfully

2018-05-10 02:52:19 - [MESSAGE][PASSED] - Navigate to 'http://54.186.33.226:2222/' successfully

2018-05-10 02:52:19 - [TEST_STEP][PASSED] - setText: Text 'admin' is set on object 'Object Repository/LoginAdmin/Page_ProjectBackend/input_username'

2018-05-10 02:52:19 - [MESSAGE][PASSED] - Text 'admin' is set on object 'Object Repository/LoginAdmin/Page_ProjectBackend/input_username'

2018-05-10 02:52:19 - [TEST_STEP][PASSED] - setText: Text 'admin' is set on object 'Object Repository/LoginAdmin/Page_ProjectBackend/input_password'

2018-05-10 02:52:19 - [MESSAGE][PASSED] - Text 'admin' is set on object 'Object Repository/LoginAdmin/Page_ProjectBackend/input_password'

2018-05-10 02:52:19 - [TEST_STEP][PASSED] - click: Object: 'Object Repository/LoginAdmin/Page_ProjectBackend/button_Login' is clicked on

2018-05-10 02:52:20 - [MESSAGE][PASSED] - Object: 'Object Repository/LoginAdmin/Page_ProjectBackend/button_Login' is clicked on

2018-05-10 02:52:20 - [TEST_STEP][PASSED] - click: Object: 'Object Repository/LoginAdmin/Page_ProjectBackend/a_Products' is clicked on

2018-05-10 02:52:21 - [MESSAGE][PASSED] - Object: 'Object Repository/LoginAdmin/Page_ProjectBackend/a_Products' is clicked on

2018-05-10 02:52:21 - [TEST_STEP][PASSED] - click: Object: 'Object Repository/LoginAdmin/Page_ProjectBackend/a_Total Transaction' is clicked on

2018-05-10 02:52:21 - [MESSAGE][PASSED] - Object: 'Object Repository/LoginAdmin/Page_ProjectBackend/a_Total Transaction' is clicked on

2018-05-10 02:52:21 - [TEST_STEP][PASSED] - click: Object: 'Object Repository/LoginAdmin/Page_ProjectBackend/button_Logout' is clicked on

2018-05-10 02:52:21 - [MESSAGE][PASSED] - Object: 'Object Repository/LoginAdmin/Page_ProjectBackend/button_Logout' is clicked on

2018-05-10 02:52:21 - [TEST_STEP][PASSED] - closeBrowser: Browser is closed

2018-05-10 02:52:22 - [MESSAGE][PASSED] - Browser is closed]]></system-out>
         <system-err><![CDATA[]]></system-err>
      </testcase>
      <testcase name="Test Cases/TestCaseIncorrectUser" classname="Test Cases/TestCaseIncorrectUser" status="PASSED">
         <system-out><![CDATA[2018-05-10 02:52:22 - [TEST_CASE][PASSED] - Test Cases/TestCaseIncorrectUser: Test Cases/TestCaseIncorrectUser

2018-05-10 02:52:22 - [TEST_STEP][PASSED] - openBrowser: Browser is opened with url: ''

2018-05-10 02:52:24 - [MESSAGE][PASSED] - Browser is opened with url: ''

2018-05-10 02:52:24 - [TEST_STEP][PASSED] - navigateToUrl: Navigate to 'http://54.186.33.226:2222/' successfully

2018-05-10 02:52:34 - [MESSAGE][PASSED] - Navigate to 'http://54.186.33.226:2222/' successfully

2018-05-10 02:52:34 - [TEST_STEP][PASSED] - setText: Text 'notuser' is set on object 'Object Repository/LoginIncorrect/Page_ProjectBackend/input_username'

2018-05-10 02:52:34 - [MESSAGE][PASSED] - Text 'notuser' is set on object 'Object Repository/LoginIncorrect/Page_ProjectBackend/input_username'

2018-05-10 02:52:34 - [TEST_STEP][PASSED] - setText: Text 'notuser' is set on object 'Object Repository/LoginIncorrect/Page_ProjectBackend/input_password'

2018-05-10 02:52:34 - [MESSAGE][PASSED] - Text 'notuser' is set on object 'Object Repository/LoginIncorrect/Page_ProjectBackend/input_password'

2018-05-10 02:52:34 - [TEST_STEP][PASSED] - click: Object: 'Object Repository/LoginIncorrect/Page_ProjectBackend/button_Login' is clicked on

2018-05-10 02:52:34 - [MESSAGE][PASSED] - Object: 'Object Repository/LoginIncorrect/Page_ProjectBackend/button_Login' is clicked on

2018-05-10 02:52:34 - [TEST_STEP][PASSED] - click: Object: 'Object Repository/LoginIncorrect/Page_ProjectBackend/label_Usernamepassword is inco' is clicked on

2018-05-10 02:52:36 - [MESSAGE][PASSED] - Object: 'Object Repository/LoginIncorrect/Page_ProjectBackend/label_Usernamepassword is inco' is clicked on

2018-05-10 02:52:36 - [TEST_STEP][PASSED] - closeBrowser: Browser is closed

2018-05-10 02:52:36 - [MESSAGE][PASSED] - Browser is closed]]></system-out>
         <system-err><![CDATA[]]></system-err>
      </testcase>
      <testcase name="Test Cases/TestCaseEmptyUser" classname="Test Cases/TestCaseEmptyUser" status="PASSED">
         <system-out><![CDATA[2018-05-10 02:52:36 - [TEST_CASE][PASSED] - Test Cases/TestCaseEmptyUser: Test Cases/TestCaseEmptyUser

2018-05-10 02:52:37 - [TEST_STEP][PASSED] - openBrowser: Browser is opened with url: ''

2018-05-10 02:52:39 - [MESSAGE][PASSED] - Browser is opened with url: ''

2018-05-10 02:52:39 - [TEST_STEP][PASSED] - navigateToUrl: Navigate to 'http://54.186.33.226:2222/' successfully

2018-05-10 02:52:49 - [MESSAGE][PASSED] - Navigate to 'http://54.186.33.226:2222/' successfully

2018-05-10 02:52:49 - [TEST_STEP][PASSED] - setText: Text 'user' is set on object 'Object Repository/UsernameEmpty/Page_ProjectBackend/input_password'

2018-05-10 02:52:50 - [MESSAGE][PASSED] - Text 'user' is set on object 'Object Repository/UsernameEmpty/Page_ProjectBackend/input_password'

2018-05-10 02:52:50 - [TEST_STEP][PASSED] - click: Object: 'Object Repository/UsernameEmpty/Page_ProjectBackend/button_Login' is clicked on

2018-05-10 02:52:50 - [MESSAGE][PASSED] - Object: 'Object Repository/UsernameEmpty/Page_ProjectBackend/button_Login' is clicked on

2018-05-10 02:52:50 - [TEST_STEP][PASSED] - click: Object: 'Object Repository/UsernameEmpty/Page_ProjectBackend/label_Username is required' is clicked on

2018-05-10 02:52:50 - [MESSAGE][PASSED] - Object: 'Object Repository/UsernameEmpty/Page_ProjectBackend/label_Username is required' is clicked on

2018-05-10 02:52:50 - [TEST_STEP][PASSED] - closeBrowser: Browser is closed

2018-05-10 02:52:51 - [MESSAGE][PASSED] - Browser is closed]]></system-out>
         <system-err><![CDATA[]]></system-err>
      </testcase>
      <testcase name="Test Cases/TestCaseEmptyPassw" classname="Test Cases/TestCaseEmptyPassw" status="PASSED">
         <system-out><![CDATA[2018-05-10 02:52:51 - [TEST_CASE][PASSED] - Test Cases/TestCaseEmptyPassw: Test Cases/TestCaseEmptyPassw

2018-05-10 02:52:51 - [TEST_STEP][PASSED] - openBrowser: Browser is opened with url: ''

2018-05-10 02:52:53 - [MESSAGE][PASSED] - Browser is opened with url: ''

2018-05-10 02:52:53 - [TEST_STEP][PASSED] - navigateToUrl: Navigate to 'http://54.186.33.226:2222/' successfully

2018-05-10 02:53:03 - [MESSAGE][PASSED] - Navigate to 'http://54.186.33.226:2222/' successfully

2018-05-10 02:53:03 - [TEST_STEP][PASSED] - setText: Text 'user' is set on object 'Object Repository/PasswordEmpty/Page_ProjectBackend/input_username'

2018-05-10 02:53:03 - [MESSAGE][PASSED] - Text 'user' is set on object 'Object Repository/PasswordEmpty/Page_ProjectBackend/input_username'

2018-05-10 02:53:03 - [TEST_STEP][PASSED] - click: Object: 'Object Repository/PasswordEmpty/Page_ProjectBackend/button_Login' is clicked on

2018-05-10 02:53:03 - [MESSAGE][PASSED] - Object: 'Object Repository/PasswordEmpty/Page_ProjectBackend/button_Login' is clicked on

2018-05-10 02:53:03 - [TEST_STEP][PASSED] - click: Object: 'Object Repository/PasswordEmpty/Page_ProjectBackend/label_Password is required' is clicked on

2018-05-10 02:53:03 - [MESSAGE][PASSED] - Object: 'Object Repository/PasswordEmpty/Page_ProjectBackend/label_Password is required' is clicked on

2018-05-10 02:53:03 - [TEST_STEP][PASSED] - closeBrowser: Browser is closed

2018-05-10 02:53:04 - [MESSAGE][PASSED] - Browser is closed]]></system-out>
         <system-err><![CDATA[]]></system-err>
      </testcase>
      <system-out><![CDATA[2018-05-10 02:51:44 - [TEST_SUITE][PASSED] - TestSuiteLogin: Test Cases/TestCaseEmptyPassw]]></system-out>
      <system-err><![CDATA[]]></system-err>
   </testsuite>
</testsuites>
