<?xml version="1.0" encoding="UTF-8"?>
<testsuites name="TestSuiteLogin" time="16" tests="1" failures="0" errors="0">
   <testsuite name="TestSuiteLogin" tests="1" failures="0" errors="0" time="16" timestamp="2018-05-10 16:03:03" hostname="LNV - DESKTOP-OR7KM58.mshome.net" id="Test Suites/TestSuiteLogin">
      <properties>
         <property name="deviceName" value=""/>
         <property name="devicePlatform" value=""/>
         <property name="logFolder" value="C:\\Users\\LNV\\Katalon Studio\\234project-katalon\\Reports\\TestSuiteLogin\\20180510_160259"/>
         <property name="logFiles" value="C:\\Users\\LNV\\Katalon Studio\\234project-katalon\\Reports\\TestSuiteLogin\\20180510_160259\\execution0.log"/>
         <property name="attachments" value=""/>
         <property name="hostName" value="LNV - DESKTOP-OR7KM58.mshome.net"/>
         <property name="os" value="Windows 10 64bit"/>
         <property name="katalonVersion" value="5.4.1.1"/>
         <property name="browser" value="Chrome 66.0.3359.139"/>
         <property name="hostAddress" value="172.20.241.177"/>
         <property name="sessionId" value="c4cb4132f2a59ff833e42fd9b84451e3"/>
         <property name="seleniumVersion" value="3.7.1"/>
         <property name="proxyInformation" value="ProxyInformation{proxyOption=NO_PROXY, proxyServerType=HTTP, password=, proxyServerAddress=, proxyServerPort=0}"/>
         <property name="platform" value="Windows 10"/>
      </properties>
      <testcase name="Test Cases/TestCaseIncorrectUserPass" classname="Test Cases/TestCaseIncorrectUserPass" status="PASSED">
         <system-out><![CDATA[2018-05-10 16:03:03 - [TEST_CASE][PASSED] - Test Cases/TestCaseIncorrectUserPass: Test Cases/TestCaseIncorrectUserPass

2018-05-10 16:03:04 - [TEST_STEP][PASSED] - openBrowser: Browser is opened with url: ''

2018-05-10 16:03:08 - [MESSAGE][PASSED] - Browser is opened with url: ''

2018-05-10 16:03:08 - [TEST_STEP][PASSED] - navigateToUrl: Navigate to 'http://54.186.33.226:2222/' successfully

2018-05-10 16:03:16 - [MESSAGE][PASSED] - Navigate to 'http://54.186.33.226:2222/' successfully

2018-05-10 16:03:16 - [TEST_STEP][PASSED] - setText: Text 'notUser' is set on object 'Object Repository/IncorrectUserPass/Page_ProjectBackend/input_username'

2018-05-10 16:03:16 - [MESSAGE][PASSED] - Text 'notUser' is set on object 'Object Repository/IncorrectUserPass/Page_ProjectBackend/input_username'

2018-05-10 16:03:16 - [TEST_STEP][PASSED] - setText: Text 'notPass' is set on object 'Object Repository/IncorrectUserPass/Page_ProjectBackend/input_password'

2018-05-10 16:03:17 - [MESSAGE][PASSED] - Text 'notPass' is set on object 'Object Repository/IncorrectUserPass/Page_ProjectBackend/input_password'

2018-05-10 16:03:17 - [TEST_STEP][PASSED] - click: Object: 'Object Repository/IncorrectUserPass/Page_ProjectBackend/button_Login' is clicked on

2018-05-10 16:03:17 - [MESSAGE][PASSED] - Object: 'Object Repository/IncorrectUserPass/Page_ProjectBackend/button_Login' is clicked on

2018-05-10 16:03:17 - [TEST_STEP][PASSED] - click: Object: 'Object Repository/IncorrectUserPass/Page_ProjectBackend/div_Usernamepassword is incorr' is clicked on

2018-05-10 16:03:18 - [MESSAGE][PASSED] - Object: 'Object Repository/IncorrectUserPass/Page_ProjectBackend/div_Usernamepassword is incorr' is clicked on

2018-05-10 16:03:18 - [TEST_STEP][PASSED] - closeBrowser: Browser is closed

2018-05-10 16:03:19 - [MESSAGE][PASSED] - Browser is closed]]></system-out>
         <system-err><![CDATA[]]></system-err>
      </testcase>
      <system-out><![CDATA[2018-05-10 16:03:03 - [TEST_SUITE][PASSED] - TestSuiteLogin: Test Cases/TestCaseIncorrectUserPass]]></system-out>
      <system-err><![CDATA[]]></system-err>
   </testsuite>
</testsuites>
